TN:
SF:/Users/dailu/Documents/homework/endback/coursestest/app.js
FN:71,(anonymous_0)
FN:76,(anonymous_1)
FN:87,(anonymous_2)
FNF:3
FNH:2
FNDA:2,(anonymous_0)
FNDA:2,(anonymous_1)
FNDA:0,(anonymous_2)
DA:1,1
DA:2,1
DA:3,1
DA:4,1
DA:5,1
DA:6,1
DA:7,1
DA:8,1
DA:9,1
DA:11,1
DA:12,1
DA:13,1
DA:14,1
DA:15,1
DA:17,1
DA:18,1
DA:21,1
DA:22,1
DA:23,1
DA:24,1
DA:26,1
DA:27,1
DA:32,1
DA:33,1
DA:35,1
DA:36,1
DA:37,1
DA:38,1
DA:39,1
DA:41,1
DA:42,1
DA:43,1
DA:44,1
DA:46,1
DA:47,1
DA:48,1
DA:49,1
DA:51,1
DA:52,1
DA:53,1
DA:57,1
DA:58,1
DA:59,1
DA:61,1
DA:62,1
DA:63,1
DA:64,1
DA:66,1
DA:67,1
DA:68,1
DA:71,1
DA:72,2
DA:76,1
DA:78,2
DA:79,2
DA:82,2
DA:83,2
DA:86,1
DA:87,0
DA:88,0
DA:89,0
DA:96,1
DA:97,0
DA:100,1
LF:64
LH:60
BRDA:79,0,0,0
BRDA:79,0,1,2
BRDA:82,1,0,2
BRDA:82,1,1,0
BRDA:86,2,0,0
BRDA:86,2,1,1
BRDA:88,3,0,0
BRDA:88,3,1,0
BRDA:96,4,0,0
BRDA:96,4,1,1
BRF:10
BRH:4
end_of_record
TN:
SF:/Users/dailu/Documents/homework/endback/coursestest/models/courses.js
FNF:0
FNH:0
DA:2,1
DA:4,1
DA:14,1
LF:3
LH:3
BRF:0
BRH:0
end_of_record
TN:
SF:/Users/dailu/Documents/homework/endback/coursestest/models/student.js
FNF:0
FNH:0
DA:1,1
DA:3,1
DA:11,1
LF:3
LH:3
BRF:0
BRH:0
end_of_record
TN:
SF:/Users/dailu/Documents/homework/endback/coursestest/models/teacher.js
FNF:0
FNH:0
DA:1,1
DA:3,1
DA:12,1
LF:3
LH:3
BRF:0
BRH:0
end_of_record
TN:
SF:/Users/dailu/Documents/homework/endback/coursestest/models/user.js
FNF:0
FNH:0
DA:1,1
DA:3,1
DA:10,1
LF:3
LH:3
BRF:0
BRH:0
end_of_record
TN:
SF:/Users/dailu/Documents/homework/endback/coursestest/routes/courses.js
FN:6,(anonymous_0)
FN:9,(anonymous_1)
FN:18,(anonymous_2)
FN:20,(anonymous_3)
FN:38,getTotalNumbers
FN:40,(anonymous_5)
FN:44,(anonymous_6)
FN:46,(anonymous_7)
FN:56,getTotalHours
FN:58,(anonymous_9)
FN:62,(anonymous_10)
FN:64,(anonymous_11)
FN:74,(anonymous_12)
FN:78,(anonymous_13)
FN:89,getByValue
FN:90,(anonymous_15)
FN:94,(anonymous_16)
FN:106,(anonymous_17)
FN:121,(anonymous_18)
FN:123,(anonymous_19)
FN:129,(anonymous_20)
FN:147,(anonymous_21)
FN:149,(anonymous_22)
FN:154,(anonymous_23)
FN:172,(anonymous_24)
FN:174,(anonymous_25)
FN:179,(anonymous_26)
FN:197,(anonymous_27)
FN:199,(anonymous_28)
FNF:29
FNH:27
FNDA:7,(anonymous_0)
FNDA:7,(anonymous_1)
FNDA:3,(anonymous_2)
FNDA:3,(anonymous_3)
FNDA:1,getTotalNumbers
FNDA:8,(anonymous_5)
FNDA:1,(anonymous_6)
FNDA:1,(anonymous_7)
FNDA:1,getTotalHours
FNDA:8,(anonymous_9)
FNDA:1,(anonymous_10)
FNDA:1,(anonymous_11)
FNDA:2,(anonymous_12)
FNDA:2,(anonymous_13)
FNDA:0,getByValue
FNDA:0,(anonymous_15)
FNDA:1,(anonymous_16)
FNDA:1,(anonymous_17)
FNDA:4,(anonymous_18)
FNDA:4,(anonymous_19)
FNDA:3,(anonymous_20)
FNDA:4,(anonymous_21)
FNDA:4,(anonymous_22)
FNDA:3,(anonymous_23)
FNDA:4,(anonymous_24)
FNDA:4,(anonymous_25)
FNDA:3,(anonymous_26)
FNDA:2,(anonymous_27)
FNDA:2,(anonymous_28)
DA:1,1
DA:2,1
DA:3,1
DA:6,1
DA:8,7
DA:9,7
DA:10,7
DA:11,0
DA:13,7
DA:18,1
DA:19,3
DA:20,3
DA:21,3
DA:22,1
DA:23,1
DA:25,2
DA:26,1
DA:28,1
DA:29,0
DA:32,1
DA:39,1
DA:40,8
DA:41,1
DA:44,1
DA:45,1
DA:46,1
DA:47,1
DA:48,0
DA:49,0
DA:52,1
DA:57,1
DA:58,8
DA:59,1
DA:62,1
DA:63,1
DA:64,1
DA:65,1
DA:66,0
DA:67,0
DA:70,1
DA:74,1
DA:76,2
DA:77,2
DA:78,2
DA:79,2
DA:80,1
DA:81,1
DA:84,1
DA:90,0
DA:91,0
DA:94,1
DA:95,1
DA:96,1
DA:98,1
DA:99,1
DA:100,1
DA:101,1
DA:102,1
DA:103,1
DA:105,1
DA:106,1
DA:107,1
DA:108,0
DA:111,1
DA:117,0
DA:121,1
DA:122,4
DA:123,4
DA:124,4
DA:125,0
DA:126,4
DA:127,3
DA:128,3
DA:129,3
DA:131,3
DA:132,1
DA:133,1
DA:136,2
DA:141,1
DA:147,1
DA:148,4
DA:149,4
DA:150,4
DA:151,0
DA:152,4
DA:153,3
DA:154,3
DA:156,3
DA:157,1
DA:158,1
DA:161,2
DA:166,1
DA:172,1
DA:173,4
DA:174,4
DA:175,4
DA:176,0
DA:177,4
DA:178,3
DA:179,3
DA:181,3
DA:182,1
DA:183,1
DA:186,2
DA:191,1
DA:197,1
DA:199,2
DA:200,2
DA:201,1
DA:202,1
DA:205,1
DA:211,1
LF:112
LH:99
BRDA:10,0,0,0
BRDA:10,0,1,7
BRDA:21,1,0,1
BRDA:21,1,1,2
BRDA:25,2,0,1
BRDA:25,2,1,1
BRDA:25,3,0,2
BRDA:25,3,1,1
BRDA:28,4,0,0
BRDA:28,4,1,1
BRDA:47,5,0,0
BRDA:47,5,1,1
BRDA:65,6,0,0
BRDA:65,6,1,1
BRDA:79,7,0,1
BRDA:79,7,1,1
BRDA:91,8,0,0
BRDA:91,8,1,0
BRDA:105,9,0,1
BRDA:105,9,1,0
BRDA:105,10,0,1
BRDA:105,10,1,1
BRDA:105,10,2,1
BRDA:105,10,3,1
BRDA:105,10,4,1
BRDA:105,10,5,1
BRDA:107,11,0,0
BRDA:107,11,1,1
BRDA:124,12,0,0
BRDA:124,12,1,4
BRDA:126,13,0,3
BRDA:126,13,1,1
BRDA:131,14,0,1
BRDA:131,14,1,2
BRDA:150,15,0,0
BRDA:150,15,1,4
BRDA:152,16,0,3
BRDA:152,16,1,1
BRDA:156,17,0,1
BRDA:156,17,1,2
BRDA:175,18,0,0
BRDA:175,18,1,4
BRDA:177,19,0,3
BRDA:177,19,1,1
BRDA:181,20,0,1
BRDA:181,20,1,2
BRDA:200,21,0,1
BRDA:200,21,1,1
BRF:48
BRH:37
end_of_record
TN:
SF:/Users/dailu/Documents/homework/endback/coursestest/routes/index.js
FN:4,(anonymous_0)
FNF:1
FNH:0
FNDA:0,(anonymous_0)
DA:1,1
DA:2,1
DA:4,1
DA:5,0
DA:7,1
LF:5
LH:4
BRF:0
BRH:0
end_of_record
TN:
SF:/Users/dailu/Documents/homework/endback/coursestest/routes/student.js
FN:6,(anonymous_0)
FN:9,(anonymous_1)
FN:18,(anonymous_2)
FN:20,(anonymous_3)
FN:31,(anonymous_4)
FN:33,(anonymous_5)
FN:44,(anonymous_6)
FN:48,(anonymous_7)
FN:60,(anonymous_8)
FN:69,(anonymous_9)
FN:81,(anonymous_10)
FN:85,(anonymous_11)
FN:96,(anonymous_12)
FN:100,(anonymous_13)
FN:113,(anonymous_14)
FN:114,(anonymous_15)
FNF:16
FNH:0
FNDA:0,(anonymous_0)
FNDA:0,(anonymous_1)
FNDA:0,(anonymous_2)
FNDA:0,(anonymous_3)
FNDA:0,(anonymous_4)
FNDA:0,(anonymous_5)
FNDA:0,(anonymous_6)
FNDA:0,(anonymous_7)
FNDA:0,(anonymous_8)
FNDA:0,(anonymous_9)
FNDA:0,(anonymous_10)
FNDA:0,(anonymous_11)
FNDA:0,(anonymous_12)
FNDA:0,(anonymous_13)
FNDA:0,(anonymous_14)
FNDA:0,(anonymous_15)
DA:1,1
DA:2,1
DA:3,1
DA:6,1
DA:8,0
DA:9,0
DA:10,0
DA:11,0
DA:13,0
DA:18,1
DA:19,0
DA:20,0
DA:21,0
DA:22,0
DA:25,0
DA:31,1
DA:32,0
DA:33,0
DA:34,0
DA:35,0
DA:38,0
DA:44,1
DA:45,0
DA:46,0
DA:47,0
DA:48,0
DA:49,0
DA:50,0
DA:53,0
DA:60,1
DA:61,0
DA:62,0
DA:64,0
DA:65,0
DA:66,0
DA:67,0
DA:69,0
DA:70,0
DA:71,0
DA:75,0
DA:81,1
DA:82,0
DA:83,0
DA:84,0
DA:85,0
DA:86,0
DA:87,0
DA:88,0
DA:91,0
DA:96,1
DA:97,0
DA:98,0
DA:99,0
DA:100,0
DA:101,0
DA:102,0
DA:103,0
DA:106,0
DA:113,1
DA:114,0
DA:115,0
DA:116,0
DA:117,0
DA:120,0
DA:126,1
LF:65
LH:12
BRDA:10,0,0,0
BRDA:10,0,1,0
BRDA:21,1,0,0
BRDA:21,1,1,0
BRDA:34,2,0,0
BRDA:34,2,1,0
BRDA:49,3,0,0
BRDA:49,3,1,0
BRDA:70,4,0,0
BRDA:70,4,1,0
BRDA:86,5,0,0
BRDA:86,5,1,0
BRDA:101,6,0,0
BRDA:101,6,1,0
BRDA:115,7,0,0
BRDA:115,7,1,0
BRF:16
BRH:0
end_of_record
TN:
SF:/Users/dailu/Documents/homework/endback/coursestest/routes/teacher.js
FN:6,(anonymous_0)
FN:10,(anonymous_1)
FN:19,(anonymous_2)
FN:23,(anonymous_3)
FN:35,(anonymous_4)
FN:39,(anonymous_5)
FN:51,(anonymous_6)
FN:55,(anonymous_7)
FN:69,(anonymous_8)
FN:79,(anonymous_9)
FN:92,(anonymous_10)
FN:96,(anonymous_11)
FN:107,(anonymous_12)
FN:111,(anonymous_13)
FN:124,(anonymous_14)
FN:126,(anonymous_15)
FNF:16
FNH:0
FNDA:0,(anonymous_0)
FNDA:0,(anonymous_1)
FNDA:0,(anonymous_2)
FNDA:0,(anonymous_3)
FNDA:0,(anonymous_4)
FNDA:0,(anonymous_5)
FNDA:0,(anonymous_6)
FNDA:0,(anonymous_7)
FNDA:0,(anonymous_8)
FNDA:0,(anonymous_9)
FNDA:0,(anonymous_10)
FNDA:0,(anonymous_11)
FNDA:0,(anonymous_12)
FNDA:0,(anonymous_13)
FNDA:0,(anonymous_14)
FNDA:0,(anonymous_15)
DA:1,1
DA:2,1
DA:3,1
DA:6,1
DA:8,0
DA:10,0
DA:11,0
DA:12,0
DA:14,0
DA:19,1
DA:21,0
DA:23,0
DA:24,0
DA:25,0
DA:26,0
DA:29,0
DA:35,1
DA:37,0
DA:39,0
DA:40,0
DA:41,0
DA:44,0
DA:51,1
DA:52,0
DA:53,0
DA:54,0
DA:55,0
DA:56,0
DA:57,0
DA:61,0
DA:69,1
DA:70,0
DA:71,0
DA:73,0
DA:74,0
DA:75,0
DA:76,0
DA:77,0
DA:79,0
DA:80,0
DA:81,0
DA:86,0
DA:92,1
DA:93,0
DA:94,0
DA:95,0
DA:96,0
DA:97,0
DA:98,0
DA:99,0
DA:102,0
DA:107,1
DA:108,0
DA:109,0
DA:110,0
DA:111,0
DA:112,0
DA:113,0
DA:114,0
DA:117,0
DA:124,1
DA:126,0
DA:127,0
DA:128,0
DA:129,0
DA:133,0
DA:140,1
LF:67
LH:12
BRDA:11,0,0,0
BRDA:11,0,1,0
BRDA:24,1,0,0
BRDA:24,1,1,0
BRDA:40,2,0,0
BRDA:40,2,1,0
BRDA:56,3,0,0
BRDA:56,3,1,0
BRDA:80,4,0,0
BRDA:80,4,1,0
BRDA:97,5,0,0
BRDA:97,5,1,0
BRDA:112,6,0,0
BRDA:112,6,1,0
BRDA:127,7,0,0
BRDA:127,7,1,0
BRF:16
BRH:0
end_of_record
TN:
SF:/Users/dailu/Documents/homework/endback/coursestest/routes/users.js
FN:5,(anonymous_0)
FN:19,(anonymous_1)
FN:34,(anonymous_2)
FN:35,(anonymous_3)
FNF:4
FNH:0
FNDA:0,(anonymous_0)
FNDA:0,(anonymous_1)
FNDA:0,(anonymous_2)
FNDA:0,(anonymous_3)
DA:1,1
DA:2,1
DA:3,1
DA:5,1
DA:6,0
DA:8,0
DA:14,0
DA:19,0
DA:20,0
DA:21,0
DA:23,0
DA:28,0
DA:34,1
DA:35,0
DA:36,0
DA:37,0
DA:38,0
DA:42,0
DA:46,1
LF:19
LH:6
BRDA:8,0,0,0
BRDA:8,0,1,0
BRDA:8,1,0,0
BRDA:8,1,1,0
BRDA:20,2,0,0
BRDA:20,2,1,0
BRDA:36,3,0,0
BRDA:36,3,1,0
BRF:8
BRH:0
end_of_record
